<?xml version="1.0" encoding="UTF-8"?>
<testng-results skipped="0" failed="11" ignored="0" total="11" passed="0">
  <reporter-output>
  </reporter-output>
  <suite name="Default suite" duration-ms="38726" started-at="2020-02-18T10:40:47Z" finished-at="2020-02-18T10:41:25Z">
    <groups>
    </groups>
    <test name="Default test" duration-ms="38726" started-at="2020-02-18T10:40:47Z" finished-at="2020-02-18T10:41:25Z">
      <class name="com.ieasy.tests.Dp1A1C">
        <test-method status="PASS" signature="initializeTestBaseSetup(java.lang.String, java.lang.String, org.testng.ITestContext)[pri:0, instance:com.ieasy.tests.Dp1A1C@5f683daf]" name="initializeTestBaseSetup" is-config="true" duration-ms="9842" started-at="2020-02-18T10:40:47Z" finished-at="2020-02-18T10:40:57Z">
          <params>
            <param index="0">
              <value>
                <![CDATA[chrome]]>
              </value>
            </param>
            <param index="1">
              <value>
                <![CDATA[https://beta.insureeasy.in/]]>
              </value>
            </param>
            <param index="2">
              <value>
                <![CDATA[org.testng.TestRunner@7a1f45ed]]>
              </value>
            </param>
          </params>
          <reporter-output>
          </reporter-output>
        </test-method> <!-- initializeTestBaseSetup -->
        <test-method status="PASS" signature="setUp()[pri:0, instance:com.ieasy.tests.Dp1A1C@5f683daf]" name="setUp" is-config="true" duration-ms="817" started-at="2020-02-18T10:40:57Z" finished-at="2020-02-18T10:40:57Z">
          <reporter-output>
          </reporter-output>
        </test-method> <!-- setUp -->
        <test-method status="PASS" signature="testSetUp()[pri:0, instance:com.ieasy.tests.Dp1A1C@5f683daf]" name="testSetUp" is-config="true" duration-ms="769" started-at="2020-02-18T10:40:59Z" finished-at="2020-02-18T10:40:59Z">
          <reporter-output>
          </reporter-output>
        </test-method> <!-- testSetUp -->
        <test-method status="FAIL" signature="diamondPlan1A1C(com.ieasy.tests.HealthPOJO)[pri:0, instance:com.ieasy.tests.Dp1A1C@5f683daf]" name="diamondPlan1A1C" duration-ms="2812" started-at="2020-02-18T10:40:59Z" data-provider="abhiinsuranceData" finished-at="2020-02-18T10:41:02Z">
          <params>
            <param index="0">
              <value>
                <![CDATA[com.ieasy.tests.HealthPOJO@63e5e5b4]]>
              </value>
            </param>
          </params>
          <exception class="java.lang.NullPointerException">
            <full-stacktrace>
              <![CDATA[java.lang.NullPointerException
at com.ieasy.tests.Dp1A1C.diamondPlan1A1C(Dp1A1C.java:188)
at sun.reflect.NativeMethodAccessorImpl.invoke0(Native Method)
at sun.reflect.NativeMethodAccessorImpl.invoke(Unknown Source)
at sun.reflect.DelegatingMethodAccessorImpl.invoke(Unknown Source)
at java.lang.reflect.Method.invoke(Unknown Source)
at org.testng.internal.MethodInvocationHelper.invokeMethod(MethodInvocationHelper.java:124)
at org.testng.internal.Invoker.invokeMethod(Invoker.java:583)
at org.testng.internal.Invoker.invokeTestMethod(Invoker.java:719)
at org.testng.internal.Invoker.invokeTestMethods(Invoker.java:989)
at org.testng.internal.TestMethodWorker.invokeTestMethods(TestMethodWorker.java:125)
at org.testng.internal.TestMethodWorker.run(TestMethodWorker.java:109)
at org.testng.TestRunner.privateRun(TestRunner.java:648)
at org.testng.TestRunner.run(TestRunner.java:505)
at org.testng.SuiteRunner.runTest(SuiteRunner.java:455)
at org.testng.SuiteRunner.runSequentially(SuiteRunner.java:450)
at org.testng.SuiteRunner.privateRun(SuiteRunner.java:415)
at org.testng.SuiteRunner.run(SuiteRunner.java:364)
at org.testng.SuiteRunnerWorker.runSuite(SuiteRunnerWorker.java:52)
at org.testng.SuiteRunnerWorker.run(SuiteRunnerWorker.java:84)
at org.testng.TestNG.runSuitesSequentially(TestNG.java:1208)
at org.testng.TestNG.runSuitesLocally(TestNG.java:1137)
at org.testng.TestNG.runSuites(TestNG.java:1049)
at org.testng.TestNG.run(TestNG.java:1017)
at org.testng.remote.AbstractRemoteTestNG.run(AbstractRemoteTestNG.java:115)
at org.testng.remote.RemoteTestNG.initAndRun(RemoteTestNG.java:251)
at org.testng.remote.RemoteTestNG.main(RemoteTestNG.java:77)
]]>
            </full-stacktrace>
          </exception> <!-- java.lang.NullPointerException -->
          <reporter-output>
          </reporter-output>
        </test-method> <!-- diamondPlan1A1C -->
        <test-method status="PASS" signature="testTearDown()[pri:0, instance:com.ieasy.tests.Dp1A1C@5f683daf]" name="testTearDown" is-config="true" duration-ms="8409" started-at="2020-02-18T10:41:02Z" finished-at="2020-02-18T10:41:11Z">
          <reporter-output>
          </reporter-output>
        </test-method> <!-- testTearDown -->
        <test-method status="PASS" signature="testSetUp()[pri:0, instance:com.ieasy.tests.Dp1A1C@5f683daf]" name="testSetUp" is-config="true" duration-ms="243" started-at="2020-02-18T10:41:11Z" finished-at="2020-02-18T10:41:11Z">
          <reporter-output>
          </reporter-output>
        </test-method> <!-- testSetUp -->
        <test-method status="FAIL" signature="diamondPlan1A1C(com.ieasy.tests.HealthPOJO)[pri:0, instance:com.ieasy.tests.Dp1A1C@5f683daf]" name="diamondPlan1A1C" duration-ms="1765" started-at="2020-02-18T10:41:11Z" data-provider="abhiinsuranceData" finished-at="2020-02-18T10:41:13Z">
          <params>
            <param index="0">
              <value>
                <![CDATA[com.ieasy.tests.HealthPOJO@af78c87]]>
              </value>
            </param>
          </params>
          <exception class="java.lang.NullPointerException">
            <full-stacktrace>
              <![CDATA[java.lang.NullPointerException
at com.ieasy.tests.Dp1A1C.diamondPlan1A1C(Dp1A1C.java:188)
at sun.reflect.NativeMethodAccessorImpl.invoke0(Native Method)
at sun.reflect.NativeMethodAccessorImpl.invoke(Unknown Source)
at sun.reflect.DelegatingMethodAccessorImpl.invoke(Unknown Source)
at java.lang.reflect.Method.invoke(Unknown Source)
at org.testng.internal.MethodInvocationHelper.invokeMethod(MethodInvocationHelper.java:124)
at org.testng.internal.Invoker.invokeMethod(Invoker.java:583)
at org.testng.internal.Invoker.invokeTestMethod(Invoker.java:719)
at org.testng.internal.Invoker.invokeTestMethods(Invoker.java:989)
at org.testng.internal.TestMethodWorker.invokeTestMethods(TestMethodWorker.java:125)
at org.testng.internal.TestMethodWorker.run(TestMethodWorker.java:109)
at org.testng.TestRunner.privateRun(TestRunner.java:648)
at org.testng.TestRunner.run(TestRunner.java:505)
at org.testng.SuiteRunner.runTest(SuiteRunner.java:455)
at org.testng.SuiteRunner.runSequentially(SuiteRunner.java:450)
at org.testng.SuiteRunner.privateRun(SuiteRunner.java:415)
at org.testng.SuiteRunner.run(SuiteRunner.java:364)
at org.testng.SuiteRunnerWorker.runSuite(SuiteRunnerWorker.java:52)
at org.testng.SuiteRunnerWorker.run(SuiteRunnerWorker.java:84)
at org.testng.TestNG.runSuitesSequentially(TestNG.java:1208)
at org.testng.TestNG.runSuitesLocally(TestNG.java:1137)
at org.testng.TestNG.runSuites(TestNG.java:1049)
at org.testng.TestNG.run(TestNG.java:1017)
at org.testng.remote.AbstractRemoteTestNG.run(AbstractRemoteTestNG.java:115)
at org.testng.remote.RemoteTestNG.initAndRun(RemoteTestNG.java:251)
at org.testng.remote.RemoteTestNG.main(RemoteTestNG.java:77)
]]>
            </full-stacktrace>
          </exception> <!-- java.lang.NullPointerException -->
          <reporter-output>
          </reporter-output>
        </test-method> <!-- diamondPlan1A1C -->
        <test-method status="PASS" signature="testTearDown()[pri:0, instance:com.ieasy.tests.Dp1A1C@5f683daf]" name="testTearDown" is-config="true" duration-ms="884" started-at="2020-02-18T10:41:13Z" finished-at="2020-02-18T10:41:13Z">
          <reporter-output>
          </reporter-output>
        </test-method> <!-- testTearDown -->
        <test-method status="PASS" signature="testSetUp()[pri:0, instance:com.ieasy.tests.Dp1A1C@5f683daf]" name="testSetUp" is-config="true" duration-ms="231" started-at="2020-02-18T10:41:13Z" finished-at="2020-02-18T10:41:14Z">
          <reporter-output>
          </reporter-output>
        </test-method> <!-- testSetUp -->
        <test-method status="FAIL" signature="diamondPlan1A1C(com.ieasy.tests.HealthPOJO)[pri:0, instance:com.ieasy.tests.Dp1A1C@5f683daf]" name="diamondPlan1A1C" duration-ms="740" started-at="2020-02-18T10:41:14Z" data-provider="abhiinsuranceData" finished-at="2020-02-18T10:41:14Z">
          <params>
            <param index="0">
              <value>
                <![CDATA[com.ieasy.tests.HealthPOJO@3104351d]]>
              </value>
            </param>
          </params>
          <exception class="java.lang.NullPointerException">
            <full-stacktrace>
              <![CDATA[java.lang.NullPointerException
at com.ieasy.tests.Dp1A1C.diamondPlan1A1C(Dp1A1C.java:188)
at sun.reflect.NativeMethodAccessorImpl.invoke0(Native Method)
at sun.reflect.NativeMethodAccessorImpl.invoke(Unknown Source)
at sun.reflect.DelegatingMethodAccessorImpl.invoke(Unknown Source)
at java.lang.reflect.Method.invoke(Unknown Source)
at org.testng.internal.MethodInvocationHelper.invokeMethod(MethodInvocationHelper.java:124)
at org.testng.internal.Invoker.invokeMethod(Invoker.java:583)
at org.testng.internal.Invoker.invokeTestMethod(Invoker.java:719)
at org.testng.internal.Invoker.invokeTestMethods(Invoker.java:989)
at org.testng.internal.TestMethodWorker.invokeTestMethods(TestMethodWorker.java:125)
at org.testng.internal.TestMethodWorker.run(TestMethodWorker.java:109)
at org.testng.TestRunner.privateRun(TestRunner.java:648)
at org.testng.TestRunner.run(TestRunner.java:505)
at org.testng.SuiteRunner.runTest(SuiteRunner.java:455)
at org.testng.SuiteRunner.runSequentially(SuiteRunner.java:450)
at org.testng.SuiteRunner.privateRun(SuiteRunner.java:415)
at org.testng.SuiteRunner.run(SuiteRunner.java:364)
at org.testng.SuiteRunnerWorker.runSuite(SuiteRunnerWorker.java:52)
at org.testng.SuiteRunnerWorker.run(SuiteRunnerWorker.java:84)
at org.testng.TestNG.runSuitesSequentially(TestNG.java:1208)
at org.testng.TestNG.runSuitesLocally(TestNG.java:1137)
at org.testng.TestNG.runSuites(TestNG.java:1049)
at org.testng.TestNG.run(TestNG.java:1017)
at org.testng.remote.AbstractRemoteTestNG.run(AbstractRemoteTestNG.java:115)
at org.testng.remote.RemoteTestNG.initAndRun(RemoteTestNG.java:251)
at org.testng.remote.RemoteTestNG.main(RemoteTestNG.java:77)
]]>
            </full-stacktrace>
          </exception> <!-- java.lang.NullPointerException -->
          <reporter-output>
          </reporter-output>
        </test-method> <!-- diamondPlan1A1C -->
        <test-method status="PASS" signature="testTearDown()[pri:0, instance:com.ieasy.tests.Dp1A1C@5f683daf]" name="testTearDown" is-config="true" duration-ms="2770" started-at="2020-02-18T10:41:14Z" finished-at="2020-02-18T10:41:17Z">
          <reporter-output>
          </reporter-output>
        </test-method> <!-- testTearDown -->
        <test-method status="PASS" signature="testSetUp()[pri:0, instance:com.ieasy.tests.Dp1A1C@5f683daf]" name="testSetUp" is-config="true" duration-ms="239" started-at="2020-02-18T10:41:17Z" finished-at="2020-02-18T10:41:17Z">
          <reporter-output>
          </reporter-output>
        </test-method> <!-- testSetUp -->
        <test-method status="FAIL" signature="diamondPlan1A1C(com.ieasy.tests.HealthPOJO)[pri:0, instance:com.ieasy.tests.Dp1A1C@5f683daf]" name="diamondPlan1A1C" duration-ms="143" started-at="2020-02-18T10:41:17Z" data-provider="abhiinsuranceData" finished-at="2020-02-18T10:41:18Z">
          <params>
            <param index="0">
              <value>
                <![CDATA[com.ieasy.tests.HealthPOJO@6136998b]]>
              </value>
            </param>
          </params>
          <exception class="java.lang.NullPointerException">
            <full-stacktrace>
              <![CDATA[java.lang.NullPointerException
at com.ieasy.tests.Dp1A1C.diamondPlan1A1C(Dp1A1C.java:188)
at sun.reflect.NativeMethodAccessorImpl.invoke0(Native Method)
at sun.reflect.NativeMethodAccessorImpl.invoke(Unknown Source)
at sun.reflect.DelegatingMethodAccessorImpl.invoke(Unknown Source)
at java.lang.reflect.Method.invoke(Unknown Source)
at org.testng.internal.MethodInvocationHelper.invokeMethod(MethodInvocationHelper.java:124)
at org.testng.internal.Invoker.invokeMethod(Invoker.java:583)
at org.testng.internal.Invoker.invokeTestMethod(Invoker.java:719)
at org.testng.internal.Invoker.invokeTestMethods(Invoker.java:989)
at org.testng.internal.TestMethodWorker.invokeTestMethods(TestMethodWorker.java:125)
at org.testng.internal.TestMethodWorker.run(TestMethodWorker.java:109)
at org.testng.TestRunner.privateRun(TestRunner.java:648)
at org.testng.TestRunner.run(TestRunner.java:505)
at org.testng.SuiteRunner.runTest(SuiteRunner.java:455)
at org.testng.SuiteRunner.runSequentially(SuiteRunner.java:450)
at org.testng.SuiteRunner.privateRun(SuiteRunner.java:415)
at org.testng.SuiteRunner.run(SuiteRunner.java:364)
at org.testng.SuiteRunnerWorker.runSuite(SuiteRunnerWorker.java:52)
at org.testng.SuiteRunnerWorker.run(SuiteRunnerWorker.java:84)
at org.testng.TestNG.runSuitesSequentially(TestNG.java:1208)
at org.testng.TestNG.runSuitesLocally(TestNG.java:1137)
at org.testng.TestNG.runSuites(TestNG.java:1049)
at org.testng.TestNG.run(TestNG.java:1017)
at org.testng.remote.AbstractRemoteTestNG.run(AbstractRemoteTestNG.java:115)
at org.testng.remote.RemoteTestNG.initAndRun(RemoteTestNG.java:251)
at org.testng.remote.RemoteTestNG.main(RemoteTestNG.java:77)
]]>
            </full-stacktrace>
          </exception> <!-- java.lang.NullPointerException -->
          <reporter-output>
          </reporter-output>
        </test-method> <!-- diamondPlan1A1C -->
        <test-method status="PASS" signature="testTearDown()[pri:0, instance:com.ieasy.tests.Dp1A1C@5f683daf]" name="testTearDown" is-config="true" duration-ms="416" started-at="2020-02-18T10:41:18Z" finished-at="2020-02-18T10:41:18Z">
          <reporter-output>
          </reporter-output>
        </test-method> <!-- testTearDown -->
        <test-method status="PASS" signature="testSetUp()[pri:0, instance:com.ieasy.tests.Dp1A1C@5f683daf]" name="testSetUp" is-config="true" duration-ms="228" started-at="2020-02-18T10:41:18Z" finished-at="2020-02-18T10:41:18Z">
          <reporter-output>
          </reporter-output>
        </test-method> <!-- testSetUp -->
        <test-method status="FAIL" signature="diamondPlan1A1C(com.ieasy.tests.HealthPOJO)[pri:0, instance:com.ieasy.tests.Dp1A1C@5f683daf]" name="diamondPlan1A1C" duration-ms="152" started-at="2020-02-18T10:41:18Z" data-provider="abhiinsuranceData" finished-at="2020-02-18T10:41:18Z">
          <params>
            <param index="0">
              <value>
                <![CDATA[com.ieasy.tests.HealthPOJO@7f829c76]]>
              </value>
            </param>
          </params>
          <exception class="java.lang.NullPointerException">
            <full-stacktrace>
              <![CDATA[java.lang.NullPointerException
at com.ieasy.tests.Dp1A1C.diamondPlan1A1C(Dp1A1C.java:188)
at sun.reflect.NativeMethodAccessorImpl.invoke0(Native Method)
at sun.reflect.NativeMethodAccessorImpl.invoke(Unknown Source)
at sun.reflect.DelegatingMethodAccessorImpl.invoke(Unknown Source)
at java.lang.reflect.Method.invoke(Unknown Source)
at org.testng.internal.MethodInvocationHelper.invokeMethod(MethodInvocationHelper.java:124)
at org.testng.internal.Invoker.invokeMethod(Invoker.java:583)
at org.testng.internal.Invoker.invokeTestMethod(Invoker.java:719)
at org.testng.internal.Invoker.invokeTestMethods(Invoker.java:989)
at org.testng.internal.TestMethodWorker.invokeTestMethods(TestMethodWorker.java:125)
at org.testng.internal.TestMethodWorker.run(TestMethodWorker.java:109)
at org.testng.TestRunner.privateRun(TestRunner.java:648)
at org.testng.TestRunner.run(TestRunner.java:505)
at org.testng.SuiteRunner.runTest(SuiteRunner.java:455)
at org.testng.SuiteRunner.runSequentially(SuiteRunner.java:450)
at org.testng.SuiteRunner.privateRun(SuiteRunner.java:415)
at org.testng.SuiteRunner.run(SuiteRunner.java:364)
at org.testng.SuiteRunnerWorker.runSuite(SuiteRunnerWorker.java:52)
at org.testng.SuiteRunnerWorker.run(SuiteRunnerWorker.java:84)
at org.testng.TestNG.runSuitesSequentially(TestNG.java:1208)
at org.testng.TestNG.runSuitesLocally(TestNG.java:1137)
at org.testng.TestNG.runSuites(TestNG.java:1049)
at org.testng.TestNG.run(TestNG.java:1017)
at org.testng.remote.AbstractRemoteTestNG.run(AbstractRemoteTestNG.java:115)
at org.testng.remote.RemoteTestNG.initAndRun(RemoteTestNG.java:251)
at org.testng.remote.RemoteTestNG.main(RemoteTestNG.java:77)
]]>
            </full-stacktrace>
          </exception> <!-- java.lang.NullPointerException -->
          <reporter-output>
          </reporter-output>
        </test-method> <!-- diamondPlan1A1C -->
        <test-method status="PASS" signature="testTearDown()[pri:0, instance:com.ieasy.tests.Dp1A1C@5f683daf]" name="testTearDown" is-config="true" duration-ms="422" started-at="2020-02-18T10:41:18Z" finished-at="2020-02-18T10:41:19Z">
          <reporter-output>
          </reporter-output>
        </test-method> <!-- testTearDown -->
        <test-method status="PASS" signature="testSetUp()[pri:0, instance:com.ieasy.tests.Dp1A1C@5f683daf]" name="testSetUp" is-config="true" duration-ms="226" started-at="2020-02-18T10:41:19Z" finished-at="2020-02-18T10:41:19Z">
          <reporter-output>
          </reporter-output>
        </test-method> <!-- testSetUp -->
        <test-method status="FAIL" signature="diamondPlan1A1C(com.ieasy.tests.HealthPOJO)[pri:0, instance:com.ieasy.tests.Dp1A1C@5f683daf]" name="diamondPlan1A1C" duration-ms="147" started-at="2020-02-18T10:41:19Z" data-provider="abhiinsuranceData" finished-at="2020-02-18T10:41:19Z">
          <params>
            <param index="0">
              <value>
                <![CDATA[com.ieasy.tests.HealthPOJO@7bb35cc6]]>
              </value>
            </param>
          </params>
          <exception class="java.lang.NullPointerException">
            <full-stacktrace>
              <![CDATA[java.lang.NullPointerException
at com.ieasy.tests.Dp1A1C.diamondPlan1A1C(Dp1A1C.java:188)
at sun.reflect.NativeMethodAccessorImpl.invoke0(Native Method)
at sun.reflect.NativeMethodAccessorImpl.invoke(Unknown Source)
at sun.reflect.DelegatingMethodAccessorImpl.invoke(Unknown Source)
at java.lang.reflect.Method.invoke(Unknown Source)
at org.testng.internal.MethodInvocationHelper.invokeMethod(MethodInvocationHelper.java:124)
at org.testng.internal.Invoker.invokeMethod(Invoker.java:583)
at org.testng.internal.Invoker.invokeTestMethod(Invoker.java:719)
at org.testng.internal.Invoker.invokeTestMethods(Invoker.java:989)
at org.testng.internal.TestMethodWorker.invokeTestMethods(TestMethodWorker.java:125)
at org.testng.internal.TestMethodWorker.run(TestMethodWorker.java:109)
at org.testng.TestRunner.privateRun(TestRunner.java:648)
at org.testng.TestRunner.run(TestRunner.java:505)
at org.testng.SuiteRunner.runTest(SuiteRunner.java:455)
at org.testng.SuiteRunner.runSequentially(SuiteRunner.java:450)
at org.testng.SuiteRunner.privateRun(SuiteRunner.java:415)
at org.testng.SuiteRunner.run(SuiteRunner.java:364)
at org.testng.SuiteRunnerWorker.runSuite(SuiteRunnerWorker.java:52)
at org.testng.SuiteRunnerWorker.run(SuiteRunnerWorker.java:84)
at org.testng.TestNG.runSuitesSequentially(TestNG.java:1208)
at org.testng.TestNG.runSuitesLocally(TestNG.java:1137)
at org.testng.TestNG.runSuites(TestNG.java:1049)
at org.testng.TestNG.run(TestNG.java:1017)
at org.testng.remote.AbstractRemoteTestNG.run(AbstractRemoteTestNG.java:115)
at org.testng.remote.RemoteTestNG.initAndRun(RemoteTestNG.java:251)
at org.testng.remote.RemoteTestNG.main(RemoteTestNG.java:77)
]]>
            </full-stacktrace>
          </exception> <!-- java.lang.NullPointerException -->
          <reporter-output>
          </reporter-output>
        </test-method> <!-- diamondPlan1A1C -->
        <test-method status="PASS" signature="testTearDown()[pri:0, instance:com.ieasy.tests.Dp1A1C@5f683daf]" name="testTearDown" is-config="true" duration-ms="637" started-at="2020-02-18T10:41:19Z" finished-at="2020-02-18T10:41:20Z">
          <reporter-output>
          </reporter-output>
        </test-method> <!-- testTearDown -->
        <test-method status="PASS" signature="testSetUp()[pri:0, instance:com.ieasy.tests.Dp1A1C@5f683daf]" name="testSetUp" is-config="true" duration-ms="222" started-at="2020-02-18T10:41:20Z" finished-at="2020-02-18T10:41:20Z">
          <reporter-output>
          </reporter-output>
        </test-method> <!-- testSetUp -->
        <test-method status="FAIL" signature="diamondPlan1A1C(com.ieasy.tests.HealthPOJO)[pri:0, instance:com.ieasy.tests.Dp1A1C@5f683daf]" name="diamondPlan1A1C" duration-ms="156" started-at="2020-02-18T10:41:20Z" data-provider="abhiinsuranceData" finished-at="2020-02-18T10:41:20Z">
          <params>
            <param index="0">
              <value>
                <![CDATA[com.ieasy.tests.HealthPOJO@74075134]]>
              </value>
            </param>
          </params>
          <exception class="java.lang.NullPointerException">
            <full-stacktrace>
              <![CDATA[java.lang.NullPointerException
at com.ieasy.tests.Dp1A1C.diamondPlan1A1C(Dp1A1C.java:188)
at sun.reflect.NativeMethodAccessorImpl.invoke0(Native Method)
at sun.reflect.NativeMethodAccessorImpl.invoke(Unknown Source)
at sun.reflect.DelegatingMethodAccessorImpl.invoke(Unknown Source)
at java.lang.reflect.Method.invoke(Unknown Source)
at org.testng.internal.MethodInvocationHelper.invokeMethod(MethodInvocationHelper.java:124)
at org.testng.internal.Invoker.invokeMethod(Invoker.java:583)
at org.testng.internal.Invoker.invokeTestMethod(Invoker.java:719)
at org.testng.internal.Invoker.invokeTestMethods(Invoker.java:989)
at org.testng.internal.TestMethodWorker.invokeTestMethods(TestMethodWorker.java:125)
at org.testng.internal.TestMethodWorker.run(TestMethodWorker.java:109)
at org.testng.TestRunner.privateRun(TestRunner.java:648)
at org.testng.TestRunner.run(TestRunner.java:505)
at org.testng.SuiteRunner.runTest(SuiteRunner.java:455)
at org.testng.SuiteRunner.runSequentially(SuiteRunner.java:450)
at org.testng.SuiteRunner.privateRun(SuiteRunner.java:415)
at org.testng.SuiteRunner.run(SuiteRunner.java:364)
at org.testng.SuiteRunnerWorker.runSuite(SuiteRunnerWorker.java:52)
at org.testng.SuiteRunnerWorker.run(SuiteRunnerWorker.java:84)
at org.testng.TestNG.runSuitesSequentially(TestNG.java:1208)
at org.testng.TestNG.runSuitesLocally(TestNG.java:1137)
at org.testng.TestNG.runSuites(TestNG.java:1049)
at org.testng.TestNG.run(TestNG.java:1017)
at org.testng.remote.AbstractRemoteTestNG.run(AbstractRemoteTestNG.java:115)
at org.testng.remote.RemoteTestNG.initAndRun(RemoteTestNG.java:251)
at org.testng.remote.RemoteTestNG.main(RemoteTestNG.java:77)
]]>
            </full-stacktrace>
          </exception> <!-- java.lang.NullPointerException -->
          <reporter-output>
          </reporter-output>
        </test-method> <!-- diamondPlan1A1C -->
        <test-method status="PASS" signature="testTearDown()[pri:0, instance:com.ieasy.tests.Dp1A1C@5f683daf]" name="testTearDown" is-config="true" duration-ms="740" started-at="2020-02-18T10:41:20Z" finished-at="2020-02-18T10:41:21Z">
          <reporter-output>
          </reporter-output>
        </test-method> <!-- testTearDown -->
        <test-method status="PASS" signature="testSetUp()[pri:0, instance:com.ieasy.tests.Dp1A1C@5f683daf]" name="testSetUp" is-config="true" duration-ms="271" started-at="2020-02-18T10:41:21Z" finished-at="2020-02-18T10:41:21Z">
          <reporter-output>
          </reporter-output>
        </test-method> <!-- testSetUp -->
        <test-method status="FAIL" signature="diamondPlan1A1C(com.ieasy.tests.HealthPOJO)[pri:0, instance:com.ieasy.tests.Dp1A1C@5f683daf]" name="diamondPlan1A1C" duration-ms="182" started-at="2020-02-18T10:41:21Z" data-provider="abhiinsuranceData" finished-at="2020-02-18T10:41:21Z">
          <params>
            <param index="0">
              <value>
                <![CDATA[com.ieasy.tests.HealthPOJO@6482eef]]>
              </value>
            </param>
          </params>
          <exception class="java.lang.NullPointerException">
            <full-stacktrace>
              <![CDATA[java.lang.NullPointerException
at com.ieasy.tests.Dp1A1C.diamondPlan1A1C(Dp1A1C.java:188)
at sun.reflect.NativeMethodAccessorImpl.invoke0(Native Method)
at sun.reflect.NativeMethodAccessorImpl.invoke(Unknown Source)
at sun.reflect.DelegatingMethodAccessorImpl.invoke(Unknown Source)
at java.lang.reflect.Method.invoke(Unknown Source)
at org.testng.internal.MethodInvocationHelper.invokeMethod(MethodInvocationHelper.java:124)
at org.testng.internal.Invoker.invokeMethod(Invoker.java:583)
at org.testng.internal.Invoker.invokeTestMethod(Invoker.java:719)
at org.testng.internal.Invoker.invokeTestMethods(Invoker.java:989)
at org.testng.internal.TestMethodWorker.invokeTestMethods(TestMethodWorker.java:125)
at org.testng.internal.TestMethodWorker.run(TestMethodWorker.java:109)
at org.testng.TestRunner.privateRun(TestRunner.java:648)
at org.testng.TestRunner.run(TestRunner.java:505)
at org.testng.SuiteRunner.runTest(SuiteRunner.java:455)
at org.testng.SuiteRunner.runSequentially(SuiteRunner.java:450)
at org.testng.SuiteRunner.privateRun(SuiteRunner.java:415)
at org.testng.SuiteRunner.run(SuiteRunner.java:364)
at org.testng.SuiteRunnerWorker.runSuite(SuiteRunnerWorker.java:52)
at org.testng.SuiteRunnerWorker.run(SuiteRunnerWorker.java:84)
at org.testng.TestNG.runSuitesSequentially(TestNG.java:1208)
at org.testng.TestNG.runSuitesLocally(TestNG.java:1137)
at org.testng.TestNG.runSuites(TestNG.java:1049)
at org.testng.TestNG.run(TestNG.java:1017)
at org.testng.remote.AbstractRemoteTestNG.run(AbstractRemoteTestNG.java:115)
at org.testng.remote.RemoteTestNG.initAndRun(RemoteTestNG.java:251)
at org.testng.remote.RemoteTestNG.main(RemoteTestNG.java:77)
]]>
            </full-stacktrace>
          </exception> <!-- java.lang.NullPointerException -->
          <reporter-output>
          </reporter-output>
        </test-method> <!-- diamondPlan1A1C -->
        <test-method status="PASS" signature="testTearDown()[pri:0, instance:com.ieasy.tests.Dp1A1C@5f683daf]" name="testTearDown" is-config="true" duration-ms="474" started-at="2020-02-18T10:41:21Z" finished-at="2020-02-18T10:41:22Z">
          <reporter-output>
          </reporter-output>
        </test-method> <!-- testTearDown -->
        <test-method status="PASS" signature="testSetUp()[pri:0, instance:com.ieasy.tests.Dp1A1C@5f683daf]" name="testSetUp" is-config="true" duration-ms="236" started-at="2020-02-18T10:41:22Z" finished-at="2020-02-18T10:41:22Z">
          <reporter-output>
          </reporter-output>
        </test-method> <!-- testSetUp -->
        <test-method status="FAIL" signature="diamondPlan1A1C(com.ieasy.tests.HealthPOJO)[pri:0, instance:com.ieasy.tests.Dp1A1C@5f683daf]" name="diamondPlan1A1C" duration-ms="157" started-at="2020-02-18T10:41:22Z" data-provider="abhiinsuranceData" finished-at="2020-02-18T10:41:22Z">
          <params>
            <param index="0">
              <value>
                <![CDATA[com.ieasy.tests.HealthPOJO@1a480135]]>
              </value>
            </param>
          </params>
          <exception class="java.lang.NullPointerException">
            <full-stacktrace>
              <![CDATA[java.lang.NullPointerException
at com.ieasy.tests.Dp1A1C.diamondPlan1A1C(Dp1A1C.java:188)
at sun.reflect.NativeMethodAccessorImpl.invoke0(Native Method)
at sun.reflect.NativeMethodAccessorImpl.invoke(Unknown Source)
at sun.reflect.DelegatingMethodAccessorImpl.invoke(Unknown Source)
at java.lang.reflect.Method.invoke(Unknown Source)
at org.testng.internal.MethodInvocationHelper.invokeMethod(MethodInvocationHelper.java:124)
at org.testng.internal.Invoker.invokeMethod(Invoker.java:583)
at org.testng.internal.Invoker.invokeTestMethod(Invoker.java:719)
at org.testng.internal.Invoker.invokeTestMethods(Invoker.java:989)
at org.testng.internal.TestMethodWorker.invokeTestMethods(TestMethodWorker.java:125)
at org.testng.internal.TestMethodWorker.run(TestMethodWorker.java:109)
at org.testng.TestRunner.privateRun(TestRunner.java:648)
at org.testng.TestRunner.run(TestRunner.java:505)
at org.testng.SuiteRunner.runTest(SuiteRunner.java:455)
at org.testng.SuiteRunner.runSequentially(SuiteRunner.java:450)
at org.testng.SuiteRunner.privateRun(SuiteRunner.java:415)
at org.testng.SuiteRunner.run(SuiteRunner.java:364)
at org.testng.SuiteRunnerWorker.runSuite(SuiteRunnerWorker.java:52)
at org.testng.SuiteRunnerWorker.run(SuiteRunnerWorker.java:84)
at org.testng.TestNG.runSuitesSequentially(TestNG.java:1208)
at org.testng.TestNG.runSuitesLocally(TestNG.java:1137)
at org.testng.TestNG.runSuites(TestNG.java:1049)
at org.testng.TestNG.run(TestNG.java:1017)
at org.testng.remote.AbstractRemoteTestNG.run(AbstractRemoteTestNG.java:115)
at org.testng.remote.RemoteTestNG.initAndRun(RemoteTestNG.java:251)
at org.testng.remote.RemoteTestNG.main(RemoteTestNG.java:77)
]]>
            </full-stacktrace>
          </exception> <!-- java.lang.NullPointerException -->
          <reporter-output>
          </reporter-output>
        </test-method> <!-- diamondPlan1A1C -->
        <test-method status="PASS" signature="testTearDown()[pri:0, instance:com.ieasy.tests.Dp1A1C@5f683daf]" name="testTearDown" is-config="true" duration-ms="385" started-at="2020-02-18T10:41:22Z" finished-at="2020-02-18T10:41:23Z">
          <reporter-output>
          </reporter-output>
        </test-method> <!-- testTearDown -->
        <test-method status="PASS" signature="testSetUp()[pri:0, instance:com.ieasy.tests.Dp1A1C@5f683daf]" name="testSetUp" is-config="true" duration-ms="273" started-at="2020-02-18T10:41:23Z" finished-at="2020-02-18T10:41:23Z">
          <reporter-output>
          </reporter-output>
        </test-method> <!-- testSetUp -->
        <test-method status="FAIL" signature="diamondPlan1A1C(com.ieasy.tests.HealthPOJO)[pri:0, instance:com.ieasy.tests.Dp1A1C@5f683daf]" name="diamondPlan1A1C" duration-ms="129" started-at="2020-02-18T10:41:23Z" data-provider="abhiinsuranceData" finished-at="2020-02-18T10:41:23Z">
          <params>
            <param index="0">
              <value>
                <![CDATA[com.ieasy.tests.HealthPOJO@409986fe]]>
              </value>
            </param>
          </params>
          <exception class="java.lang.NullPointerException">
            <full-stacktrace>
              <![CDATA[java.lang.NullPointerException
at com.ieasy.tests.Dp1A1C.diamondPlan1A1C(Dp1A1C.java:188)
at sun.reflect.NativeMethodAccessorImpl.invoke0(Native Method)
at sun.reflect.NativeMethodAccessorImpl.invoke(Unknown Source)
at sun.reflect.DelegatingMethodAccessorImpl.invoke(Unknown Source)
at java.lang.reflect.Method.invoke(Unknown Source)
at org.testng.internal.MethodInvocationHelper.invokeMethod(MethodInvocationHelper.java:124)
at org.testng.internal.Invoker.invokeMethod(Invoker.java:583)
at org.testng.internal.Invoker.invokeTestMethod(Invoker.java:719)
at org.testng.internal.Invoker.invokeTestMethods(Invoker.java:989)
at org.testng.internal.TestMethodWorker.invokeTestMethods(TestMethodWorker.java:125)
at org.testng.internal.TestMethodWorker.run(TestMethodWorker.java:109)
at org.testng.TestRunner.privateRun(TestRunner.java:648)
at org.testng.TestRunner.run(TestRunner.java:505)
at org.testng.SuiteRunner.runTest(SuiteRunner.java:455)
at org.testng.SuiteRunner.runSequentially(SuiteRunner.java:450)
at org.testng.SuiteRunner.privateRun(SuiteRunner.java:415)
at org.testng.SuiteRunner.run(SuiteRunner.java:364)
at org.testng.SuiteRunnerWorker.runSuite(SuiteRunnerWorker.java:52)
at org.testng.SuiteRunnerWorker.run(SuiteRunnerWorker.java:84)
at org.testng.TestNG.runSuitesSequentially(TestNG.java:1208)
at org.testng.TestNG.runSuitesLocally(TestNG.java:1137)
at org.testng.TestNG.runSuites(TestNG.java:1049)
at org.testng.TestNG.run(TestNG.java:1017)
at org.testng.remote.AbstractRemoteTestNG.run(AbstractRemoteTestNG.java:115)
at org.testng.remote.RemoteTestNG.initAndRun(RemoteTestNG.java:251)
at org.testng.remote.RemoteTestNG.main(RemoteTestNG.java:77)
]]>
            </full-stacktrace>
          </exception> <!-- java.lang.NullPointerException -->
          <reporter-output>
          </reporter-output>
        </test-method> <!-- diamondPlan1A1C -->
        <test-method status="PASS" signature="testTearDown()[pri:0, instance:com.ieasy.tests.Dp1A1C@5f683daf]" name="testTearDown" is-config="true" duration-ms="401" started-at="2020-02-18T10:41:23Z" finished-at="2020-02-18T10:41:23Z">
          <reporter-output>
          </reporter-output>
        </test-method> <!-- testTearDown -->
        <test-method status="PASS" signature="testSetUp()[pri:0, instance:com.ieasy.tests.Dp1A1C@5f683daf]" name="testSetUp" is-config="true" duration-ms="244" started-at="2020-02-18T10:41:23Z" finished-at="2020-02-18T10:41:24Z">
          <reporter-output>
          </reporter-output>
        </test-method> <!-- testSetUp -->
        <test-method status="FAIL" signature="diamondPlan1A1C(com.ieasy.tests.HealthPOJO)[pri:0, instance:com.ieasy.tests.Dp1A1C@5f683daf]" name="diamondPlan1A1C" duration-ms="149" started-at="2020-02-18T10:41:24Z" data-provider="abhiinsuranceData" finished-at="2020-02-18T10:41:24Z">
          <params>
            <param index="0">
              <value>
                <![CDATA[com.ieasy.tests.HealthPOJO@4bbb49b0]]>
              </value>
            </param>
          </params>
          <exception class="java.lang.NullPointerException">
            <full-stacktrace>
              <![CDATA[java.lang.NullPointerException
at com.ieasy.tests.Dp1A1C.diamondPlan1A1C(Dp1A1C.java:188)
at sun.reflect.NativeMethodAccessorImpl.invoke0(Native Method)
at sun.reflect.NativeMethodAccessorImpl.invoke(Unknown Source)
at sun.reflect.DelegatingMethodAccessorImpl.invoke(Unknown Source)
at java.lang.reflect.Method.invoke(Unknown Source)
at org.testng.internal.MethodInvocationHelper.invokeMethod(MethodInvocationHelper.java:124)
at org.testng.internal.Invoker.invokeMethod(Invoker.java:583)
at org.testng.internal.Invoker.invokeTestMethod(Invoker.java:719)
at org.testng.internal.Invoker.invokeTestMethods(Invoker.java:989)
at org.testng.internal.TestMethodWorker.invokeTestMethods(TestMethodWorker.java:125)
at org.testng.internal.TestMethodWorker.run(TestMethodWorker.java:109)
at org.testng.TestRunner.privateRun(TestRunner.java:648)
at org.testng.TestRunner.run(TestRunner.java:505)
at org.testng.SuiteRunner.runTest(SuiteRunner.java:455)
at org.testng.SuiteRunner.runSequentially(SuiteRunner.java:450)
at org.testng.SuiteRunner.privateRun(SuiteRunner.java:415)
at org.testng.SuiteRunner.run(SuiteRunner.java:364)
at org.testng.SuiteRunnerWorker.runSuite(SuiteRunnerWorker.java:52)
at org.testng.SuiteRunnerWorker.run(SuiteRunnerWorker.java:84)
at org.testng.TestNG.runSuitesSequentially(TestNG.java:1208)
at org.testng.TestNG.runSuitesLocally(TestNG.java:1137)
at org.testng.TestNG.runSuites(TestNG.java:1049)
at org.testng.TestNG.run(TestNG.java:1017)
at org.testng.remote.AbstractRemoteTestNG.run(AbstractRemoteTestNG.java:115)
at org.testng.remote.RemoteTestNG.initAndRun(RemoteTestNG.java:251)
at org.testng.remote.RemoteTestNG.main(RemoteTestNG.java:77)
]]>
            </full-stacktrace>
          </exception> <!-- java.lang.NullPointerException -->
          <reporter-output>
          </reporter-output>
        </test-method> <!-- diamondPlan1A1C -->
        <test-method status="PASS" signature="testTearDown()[pri:0, instance:com.ieasy.tests.Dp1A1C@5f683daf]" name="testTearDown" is-config="true" duration-ms="483" started-at="2020-02-18T10:41:24Z" finished-at="2020-02-18T10:41:24Z">
          <reporter-output>
          </reporter-output>
        </test-method> <!-- testTearDown -->
        <test-method status="PASS" signature="tearDown()[pri:0, instance:com.ieasy.tests.Dp1A1C@5f683daf]" name="tearDown" is-config="true" duration-ms="1106" started-at="2020-02-18T10:41:24Z" finished-at="2020-02-18T10:41:25Z">
          <reporter-output>
          </reporter-output>
        </test-method> <!-- tearDown -->
      </class> <!-- com.ieasy.tests.Dp1A1C -->
    </test> <!-- Default test -->
  </suite> <!-- Default suite -->
</testng-results>
